<?xml version="1.0" encoding="UTF-8"?>
<!-- Generated by org.testng.reporters.JUnitReportReporter -->
<testsuite hostname="DESKTOP-22GSP3J" failures="0" tests="1" name="com.tests.TestPhotoFaceT" time="14.351" errors="0" timestamp="2025-01-27T16:45:35 IST" skipped="0">
  <testcase classname="com.tests.TestPhotoFaceT" name="setUp" time="14.351"/>
  <system-out/>
</testsuite> <!-- com.tests.TestPhotoFaceT -->
